0 silly argv {
0 silly argv   _: [ 'run' ],
0 silly argv   scope: 'ngrok',
0 silly argv   lernaVersion: '8.1.2',
0 silly argv   '$0': '/Users/snuffish/Projects/chain-messenger/node_modules/.bin/lerna',
0 silly argv   script: 'build'
0 silly argv }
1 notice cli v8.1.2
2 verbose packageConfigs Explicit "packages" configuration found in lerna.json. Resolving packages using the configured glob(s): ["packages/*"]
3 verbose rootPath /Users/snuffish/Projects/chain-messenger
4 error Error: Unable to create nodes for packages/ngrok/package.json using plugin nx/core/package-json-workspaces.
4 error
4 error 	 Inner Error: Error: ENOENT: no such file or directory, open '/Users/snuffish/Projects/chain-messenger/packages/ngrok/package.json'
4 error     at Object.readFileUtf8 (node:internal/fs/sync:25:18)
4 error     at readFileSync (node:fs:441:19)
4 error     at readJsonFile (/Users/snuffish/Projects/chain-messenger/node_modules/nx/src/utils/fileutils.js:17:43)
4 error     at createNodeFromPackageJson (/Users/snuffish/Projects/chain-messenger/node_modules/nx/src/plugins/package-json-workspaces/create-nodes.js:47:47)
4 error     at createNodes (/Users/snuffish/Projects/chain-messenger/node_modules/nx/src/plugins/package-json-workspaces/create-nodes.js:37:28)
4 error     at buildProjectsConfigurationsFromProjectPathsAndPlugins (/Users/snuffish/Projects/chain-messenger/node_modules/nx/src/project-graph/utils/project-configuration-utils.js:148:29)
4 error     at createProjectConfigurations (/Users/snuffish/Projects/chain-messenger/node_modules/nx/src/project-graph/utils/retrieve-workspace-files.js:89:156)
4 error     at _retrieveProjectConfigurations (/Users/snuffish/Projects/chain-messenger/node_modules/nx/src/project-graph/utils/retrieve-workspace-files.js:61:12)
4 error     at retrieveProjectConfigurations (/Users/snuffish/Projects/chain-messenger/node_modules/nx/src/project-graph/utils/retrieve-workspace-files.js:46:12)
4 error     at process.processTicksAndRejections (node:internal/process/task_queues:95:5)
4 error     at buildProjectsConfigurationsFromProjectPathsAndPlugins (/Users/snuffish/Projects/chain-messenger/node_modules/nx/src/project-graph/utils/project-configuration-utils.js:175:27)
4 error     at createProjectConfigurations (/Users/snuffish/Projects/chain-messenger/node_modules/nx/src/project-graph/utils/retrieve-workspace-files.js:89:156)
4 error     at _retrieveProjectConfigurations (/Users/snuffish/Projects/chain-messenger/node_modules/nx/src/project-graph/utils/retrieve-workspace-files.js:61:12)
4 error     at retrieveProjectConfigurations (/Users/snuffish/Projects/chain-messenger/node_modules/nx/src/project-graph/utils/retrieve-workspace-files.js:46:12)
4 error     at process.processTicksAndRejections (node:internal/process/task_queues:95:5)
4 error     at async processFilesAndCreateAndSerializeProjectGraph (/Users/snuffish/Projects/chain-messenger/node_modules/nx/src/daemon/server/project-graph-incremental-recomputation.js:140:28)
4 error     at async getCachedSerializedProjectGraphPromise (/Users/snuffish/Projects/chain-messenger/node_modules/nx/src/daemon/server/project-graph-incremental-recomputation.js:43:16)
4 error     at async handleRequestProjectGraph (/Users/snuffish/Projects/chain-messenger/node_modules/nx/src/daemon/server/handle-request-project-graph.js:12:24)
4 error     at async handleResult (/Users/snuffish/Projects/chain-messenger/node_modules/nx/src/daemon/server/server.js:110:16)
